<?xml version="1.0" encoding="UTF-8"?>
<testng-results skipped="0" failed="10" total="31" passed="21">
  <reporter-output>
  </reporter-output>
  <suite name="Default suite" duration-ms="1003473" started-at="2018-04-20T11:20:51Z" finished-at="2018-04-20T11:37:34Z">
    <groups>
    </groups>
    <test name="Default test" duration-ms="1003473" started-at="2018-04-20T11:20:51Z" finished-at="2018-04-20T11:37:34Z">
      <class name="redirection.TestClass">
        <test-method status="FAIL" signature="test(java.lang.String)[pri:0, instance:redirection.TestClass@9629756]" name="test" duration-ms="365936" started-at="2018-04-20T16:50:51Z" data-provider="urls" finished-at="2018-04-20T16:56:57Z">
          <params>
            <param index="0">
              <value>
                <![CDATA[/]]>
              </value>
            </param>
          </params>
          <exception class="java.util.ConcurrentModificationException">
            <full-stacktrace>
              <![CDATA[java.util.ConcurrentModificationException
	at java.util.ArrayList$Itr.checkForComodification(Unknown Source)
	at java.util.ArrayList$Itr.next(Unknown Source)
	at redirection.TestClass.test(TestClass.java:47)
	at sun.reflect.NativeMethodAccessorImpl.invoke0(Native Method)
	at sun.reflect.NativeMethodAccessorImpl.invoke(Unknown Source)
	at sun.reflect.DelegatingMethodAccessorImpl.invoke(Unknown Source)
	at java.lang.reflect.Method.invoke(Unknown Source)
	at org.testng.internal.MethodInvocationHelper.invokeMethod(MethodInvocationHelper.java:80)
	at org.testng.internal.Invoker.invokeMethod(Invoker.java:715)
	at org.testng.internal.Invoker.invokeTestMethod(Invoker.java:907)
	at org.testng.internal.TestMethodWithDataProviderMethodWorker.call(TestMethodWithDataProviderMethodWorker.java:73)
	at org.testng.internal.TestMethodWithDataProviderMethodWorker.call(TestMethodWithDataProviderMethodWorker.java:14)
	at java.util.concurrent.FutureTask.run(Unknown Source)
	at java.util.concurrent.Executors$RunnableAdapter.call(Unknown Source)
	at java.util.concurrent.FutureTask.run(Unknown Source)
	at java.util.concurrent.ThreadPoolExecutor.runWorker(Unknown Source)
	at java.util.concurrent.ThreadPoolExecutor$Worker.run(Unknown Source)
	at java.lang.Thread.run(Unknown Source)
]]>
            </full-stacktrace>
          </exception> <!-- java.util.ConcurrentModificationException -->
          <reporter-output>
          </reporter-output>
        </test-method> <!-- test -->
        <test-method status="FAIL" signature="test(java.lang.String)[pri:0, instance:redirection.TestClass@9629756]" name="test" duration-ms="365931" started-at="2018-04-20T16:50:51Z" data-provider="urls" finished-at="2018-04-20T16:56:57Z">
          <params>
            <param index="0">
              <value>
                <![CDATA[/tour-packages/mauritius]]>
              </value>
            </param>
          </params>
          <exception class="java.util.ConcurrentModificationException">
            <full-stacktrace>
              <![CDATA[java.util.ConcurrentModificationException
	at java.util.ArrayList$Itr.checkForComodification(Unknown Source)
	at java.util.ArrayList$Itr.next(Unknown Source)
	at redirection.TestClass.test(TestClass.java:47)
	at sun.reflect.NativeMethodAccessorImpl.invoke0(Native Method)
	at sun.reflect.NativeMethodAccessorImpl.invoke(Unknown Source)
	at sun.reflect.DelegatingMethodAccessorImpl.invoke(Unknown Source)
	at java.lang.reflect.Method.invoke(Unknown Source)
	at org.testng.internal.MethodInvocationHelper.invokeMethod(MethodInvocationHelper.java:80)
	at org.testng.internal.Invoker.invokeMethod(Invoker.java:715)
	at org.testng.internal.Invoker.invokeTestMethod(Invoker.java:907)
	at org.testng.internal.TestMethodWithDataProviderMethodWorker.call(TestMethodWithDataProviderMethodWorker.java:73)
	at org.testng.internal.TestMethodWithDataProviderMethodWorker.call(TestMethodWithDataProviderMethodWorker.java:14)
	at java.util.concurrent.FutureTask.run(Unknown Source)
	at java.util.concurrent.Executors$RunnableAdapter.call(Unknown Source)
	at java.util.concurrent.FutureTask.run(Unknown Source)
	at java.util.concurrent.ThreadPoolExecutor.runWorker(Unknown Source)
	at java.util.concurrent.ThreadPoolExecutor$Worker.run(Unknown Source)
	at java.lang.Thread.run(Unknown Source)
]]>
            </full-stacktrace>
          </exception> <!-- java.util.ConcurrentModificationException -->
          <reporter-output>
          </reporter-output>
        </test-method> <!-- test -->
        <test-method status="FAIL" signature="test(java.lang.String)[pri:0, instance:redirection.TestClass@9629756]" name="test" duration-ms="153611" started-at="2018-04-20T16:50:51Z" data-provider="urls" finished-at="2018-04-20T16:53:25Z">
          <params>
            <param index="0">
              <value>
                <![CDATA[/tour-packages/dubai]]>
              </value>
            </param>
          </params>
          <exception class="java.util.ConcurrentModificationException">
            <full-stacktrace>
              <![CDATA[java.util.ConcurrentModificationException
	at java.util.ArrayList$Itr.checkForComodification(Unknown Source)
	at java.util.ArrayList$Itr.next(Unknown Source)
	at redirection.TestClass.test(TestClass.java:47)
	at sun.reflect.NativeMethodAccessorImpl.invoke0(Native Method)
	at sun.reflect.NativeMethodAccessorImpl.invoke(Unknown Source)
	at sun.reflect.DelegatingMethodAccessorImpl.invoke(Unknown Source)
	at java.lang.reflect.Method.invoke(Unknown Source)
	at org.testng.internal.MethodInvocationHelper.invokeMethod(MethodInvocationHelper.java:80)
	at org.testng.internal.Invoker.invokeMethod(Invoker.java:715)
	at org.testng.internal.Invoker.invokeTestMethod(Invoker.java:907)
	at org.testng.internal.TestMethodWithDataProviderMethodWorker.call(TestMethodWithDataProviderMethodWorker.java:73)
	at org.testng.internal.TestMethodWithDataProviderMethodWorker.call(TestMethodWithDataProviderMethodWorker.java:14)
	at java.util.concurrent.FutureTask.run(Unknown Source)
	at java.util.concurrent.Executors$RunnableAdapter.call(Unknown Source)
	at java.util.concurrent.FutureTask.run(Unknown Source)
	at java.util.concurrent.ThreadPoolExecutor.runWorker(Unknown Source)
	at java.util.concurrent.ThreadPoolExecutor$Worker.run(Unknown Source)
	at java.lang.Thread.run(Unknown Source)
]]>
            </full-stacktrace>
          </exception> <!-- java.util.ConcurrentModificationException -->
          <reporter-output>
          </reporter-output>
        </test-method> <!-- test -->
        <test-method status="PASS" signature="test(java.lang.String)[pri:0, instance:redirection.TestClass@9629756]" name="test" duration-ms="97325" started-at="2018-04-20T16:50:51Z" data-provider="urls" finished-at="2018-04-20T16:52:29Z">
          <params>
            <param index="0">
              <value>
                <![CDATA[/seasonal-packages]]>
              </value>
            </param>
          </params>
          <reporter-output>
          </reporter-output>
        </test-method> <!-- test -->
        <test-method status="FAIL" signature="test(java.lang.String)[pri:0, instance:redirection.TestClass@9629756]" name="test" duration-ms="160986" started-at="2018-04-20T16:50:51Z" data-provider="urls" finished-at="2018-04-20T16:53:32Z">
          <params>
            <param index="0">
              <value>
                <![CDATA[/tour-packages]]>
              </value>
            </param>
          </params>
          <exception class="java.util.ConcurrentModificationException">
            <full-stacktrace>
              <![CDATA[java.util.ConcurrentModificationException
	at java.util.ArrayList$Itr.checkForComodification(Unknown Source)
	at java.util.ArrayList$Itr.next(Unknown Source)
	at redirection.TestClass.test(TestClass.java:47)
	at sun.reflect.NativeMethodAccessorImpl.invoke0(Native Method)
	at sun.reflect.NativeMethodAccessorImpl.invoke(Unknown Source)
	at sun.reflect.DelegatingMethodAccessorImpl.invoke(Unknown Source)
	at java.lang.reflect.Method.invoke(Unknown Source)
	at org.testng.internal.MethodInvocationHelper.invokeMethod(MethodInvocationHelper.java:80)
	at org.testng.internal.Invoker.invokeMethod(Invoker.java:715)
	at org.testng.internal.Invoker.invokeTestMethod(Invoker.java:907)
	at org.testng.internal.TestMethodWithDataProviderMethodWorker.call(TestMethodWithDataProviderMethodWorker.java:73)
	at org.testng.internal.TestMethodWithDataProviderMethodWorker.call(TestMethodWithDataProviderMethodWorker.java:14)
	at java.util.concurrent.FutureTask.run(Unknown Source)
	at java.util.concurrent.Executors$RunnableAdapter.call(Unknown Source)
	at java.util.concurrent.FutureTask.run(Unknown Source)
	at java.util.concurrent.ThreadPoolExecutor.runWorker(Unknown Source)
	at java.util.concurrent.ThreadPoolExecutor$Worker.run(Unknown Source)
	at java.lang.Thread.run(Unknown Source)
]]>
            </full-stacktrace>
          </exception> <!-- java.util.ConcurrentModificationException -->
          <reporter-output>
          </reporter-output>
        </test-method> <!-- test -->
        <test-method status="PASS" signature="test(java.lang.String)[pri:0, instance:redirection.TestClass@9629756]" name="test" duration-ms="366021" started-at="2018-04-20T16:50:51Z" data-provider="urls" finished-at="2018-04-20T16:56:57Z">
          <params>
            <param index="0">
              <value>
                <![CDATA[/sri-lanka-tourism]]>
              </value>
            </param>
          </params>
          <reporter-output>
          </reporter-output>
        </test-method> <!-- test -->
        <test-method status="PASS" signature="test(java.lang.String)[pri:0, instance:redirection.TestClass@9629756]" name="test" duration-ms="139210" started-at="2018-04-20T16:50:51Z" data-provider="urls" finished-at="2018-04-20T16:53:11Z">
          <params>
            <param index="0">
              <value>
                <![CDATA[/honeymoon-packages]]>
              </value>
            </param>
          </params>
          <reporter-output>
          </reporter-output>
        </test-method> <!-- test -->
        <test-method status="PASS" signature="test(java.lang.String)[pri:0, instance:redirection.TestClass@9629756]" name="test" duration-ms="297891" started-at="2018-04-20T16:50:51Z" data-provider="urls" finished-at="2018-04-20T16:55:49Z">
          <params>
            <param index="0">
              <value>
                <![CDATA[/maldives-tourism]]>
              </value>
            </param>
          </params>
          <reporter-output>
          </reporter-output>
        </test-method> <!-- test -->
        <test-method status="PASS" signature="test(java.lang.String)[pri:0, instance:redirection.TestClass@9629756]" name="test" duration-ms="129449" started-at="2018-04-20T16:50:51Z" data-provider="urls" finished-at="2018-04-20T16:53:01Z">
          <params>
            <param index="0">
              <value>
                <![CDATA[/Adventure-Places]]>
              </value>
            </param>
          </params>
          <reporter-output>
          </reporter-output>
        </test-method> <!-- test -->
        <test-method status="FAIL" signature="test(java.lang.String)[pri:0, instance:redirection.TestClass@9629756]" name="test" duration-ms="147774" started-at="2018-04-20T16:50:51Z" data-provider="urls" finished-at="2018-04-20T16:53:19Z">
          <params>
            <param index="0">
              <value>
                <![CDATA[/family-packages]]>
              </value>
            </param>
          </params>
          <exception class="java.util.ConcurrentModificationException">
            <full-stacktrace>
              <![CDATA[java.util.ConcurrentModificationException
	at java.util.ArrayList$Itr.checkForComodification(Unknown Source)
	at java.util.ArrayList$Itr.next(Unknown Source)
	at redirection.TestClass.test(TestClass.java:47)
	at sun.reflect.NativeMethodAccessorImpl.invoke0(Native Method)
	at sun.reflect.NativeMethodAccessorImpl.invoke(Unknown Source)
	at sun.reflect.DelegatingMethodAccessorImpl.invoke(Unknown Source)
	at java.lang.reflect.Method.invoke(Unknown Source)
	at org.testng.internal.MethodInvocationHelper.invokeMethod(MethodInvocationHelper.java:80)
	at org.testng.internal.Invoker.invokeMethod(Invoker.java:715)
	at org.testng.internal.Invoker.invokeTestMethod(Invoker.java:907)
	at org.testng.internal.TestMethodWithDataProviderMethodWorker.call(TestMethodWithDataProviderMethodWorker.java:73)
	at org.testng.internal.TestMethodWithDataProviderMethodWorker.call(TestMethodWithDataProviderMethodWorker.java:14)
	at java.util.concurrent.FutureTask.run(Unknown Source)
	at java.util.concurrent.Executors$RunnableAdapter.call(Unknown Source)
	at java.util.concurrent.FutureTask.run(Unknown Source)
	at java.util.concurrent.ThreadPoolExecutor.runWorker(Unknown Source)
	at java.util.concurrent.ThreadPoolExecutor$Worker.run(Unknown Source)
	at java.lang.Thread.run(Unknown Source)
]]>
            </full-stacktrace>
          </exception> <!-- java.util.ConcurrentModificationException -->
          <reporter-output>
          </reporter-output>
        </test-method> <!-- test -->
        <test-method status="FAIL" signature="test(java.lang.String)[pri:0, instance:redirection.TestClass@9629756]" name="test" duration-ms="268478" started-at="2018-04-20T16:52:29Z" data-provider="urls" finished-at="2018-04-20T16:56:57Z">
          <params>
            <param index="0">
              <value>
                <![CDATA[/Family-Places]]>
              </value>
            </param>
          </params>
          <exception class="java.util.ConcurrentModificationException">
            <full-stacktrace>
              <![CDATA[java.util.ConcurrentModificationException
	at java.util.ArrayList$Itr.checkForComodification(Unknown Source)
	at java.util.ArrayList$Itr.next(Unknown Source)
	at redirection.TestClass.test(TestClass.java:47)
	at sun.reflect.NativeMethodAccessorImpl.invoke0(Native Method)
	at sun.reflect.NativeMethodAccessorImpl.invoke(Unknown Source)
	at sun.reflect.DelegatingMethodAccessorImpl.invoke(Unknown Source)
	at java.lang.reflect.Method.invoke(Unknown Source)
	at org.testng.internal.MethodInvocationHelper.invokeMethod(MethodInvocationHelper.java:80)
	at org.testng.internal.Invoker.invokeMethod(Invoker.java:715)
	at org.testng.internal.Invoker.invokeTestMethod(Invoker.java:907)
	at org.testng.internal.TestMethodWithDataProviderMethodWorker.call(TestMethodWithDataProviderMethodWorker.java:73)
	at org.testng.internal.TestMethodWithDataProviderMethodWorker.call(TestMethodWithDataProviderMethodWorker.java:14)
	at java.util.concurrent.FutureTask.run(Unknown Source)
	at java.util.concurrent.Executors$RunnableAdapter.call(Unknown Source)
	at java.util.concurrent.FutureTask.run(Unknown Source)
	at java.util.concurrent.ThreadPoolExecutor.runWorker(Unknown Source)
	at java.util.concurrent.ThreadPoolExecutor$Worker.run(Unknown Source)
	at java.lang.Thread.run(Unknown Source)
]]>
            </full-stacktrace>
          </exception> <!-- java.util.ConcurrentModificationException -->
          <reporter-output>
          </reporter-output>
        </test-method> <!-- test -->
        <test-method status="PASS" signature="test(java.lang.String)[pri:0, instance:redirection.TestClass@9629756]" name="test" duration-ms="167747" started-at="2018-04-20T16:53:01Z" data-provider="urls" finished-at="2018-04-20T16:55:49Z">
          <params>
            <param index="0">
              <value>
                <![CDATA[/Nature-Places]]>
              </value>
            </param>
          </params>
          <reporter-output>
          </reporter-output>
        </test-method> <!-- test -->
        <test-method status="PASS" signature="test(java.lang.String)[pri:0, instance:redirection.TestClass@9629756]" name="test" duration-ms="149034" started-at="2018-04-20T16:53:11Z" data-provider="urls" finished-at="2018-04-20T16:55:40Z">
          <params>
            <param index="0">
              <value>
                <![CDATA[/Religious-Places]]>
              </value>
            </param>
          </params>
          <reporter-output>
          </reporter-output>
        </test-method> <!-- test -->
        <test-method status="FAIL" signature="test(java.lang.String)[pri:0, instance:redirection.TestClass@9629756]" name="test" duration-ms="37556" started-at="2018-04-20T16:53:20Z" data-provider="urls" finished-at="2018-04-20T16:53:57Z">
          <params>
            <param index="0">
              <value>
                <![CDATA[/Wildlife-Places]]>
              </value>
            </param>
          </params>
          <exception class="java.util.ConcurrentModificationException">
            <full-stacktrace>
              <![CDATA[java.util.ConcurrentModificationException
	at java.util.ArrayList$Itr.checkForComodification(Unknown Source)
	at java.util.ArrayList$Itr.next(Unknown Source)
	at redirection.TestClass.test(TestClass.java:47)
	at sun.reflect.NativeMethodAccessorImpl.invoke0(Native Method)
	at sun.reflect.NativeMethodAccessorImpl.invoke(Unknown Source)
	at sun.reflect.DelegatingMethodAccessorImpl.invoke(Unknown Source)
	at java.lang.reflect.Method.invoke(Unknown Source)
	at org.testng.internal.MethodInvocationHelper.invokeMethod(MethodInvocationHelper.java:80)
	at org.testng.internal.Invoker.invokeMethod(Invoker.java:715)
	at org.testng.internal.Invoker.invokeTestMethod(Invoker.java:907)
	at org.testng.internal.TestMethodWithDataProviderMethodWorker.call(TestMethodWithDataProviderMethodWorker.java:73)
	at org.testng.internal.TestMethodWithDataProviderMethodWorker.call(TestMethodWithDataProviderMethodWorker.java:14)
	at java.util.concurrent.FutureTask.run(Unknown Source)
	at java.util.concurrent.Executors$RunnableAdapter.call(Unknown Source)
	at java.util.concurrent.FutureTask.run(Unknown Source)
	at java.util.concurrent.ThreadPoolExecutor.runWorker(Unknown Source)
	at java.util.concurrent.ThreadPoolExecutor$Worker.run(Unknown Source)
	at java.lang.Thread.run(Unknown Source)
]]>
            </full-stacktrace>
          </exception> <!-- java.util.ConcurrentModificationException -->
          <reporter-output>
          </reporter-output>
        </test-method> <!-- test -->
        <test-method status="FAIL" signature="test(java.lang.String)[pri:0, instance:redirection.TestClass@9629756]" name="test" duration-ms="14810" started-at="2018-04-20T16:53:25Z" data-provider="urls" finished-at="2018-04-20T16:53:40Z">
          <params>
            <param index="0">
              <value>
                <![CDATA[/Water%20Activities-Places]]>
              </value>
            </param>
          </params>
          <exception class="java.util.ConcurrentModificationException">
            <full-stacktrace>
              <![CDATA[java.util.ConcurrentModificationException
	at java.util.ArrayList$Itr.checkForComodification(Unknown Source)
	at java.util.ArrayList$Itr.next(Unknown Source)
	at redirection.TestClass.test(TestClass.java:47)
	at sun.reflect.NativeMethodAccessorImpl.invoke0(Native Method)
	at sun.reflect.NativeMethodAccessorImpl.invoke(Unknown Source)
	at sun.reflect.DelegatingMethodAccessorImpl.invoke(Unknown Source)
	at java.lang.reflect.Method.invoke(Unknown Source)
	at org.testng.internal.MethodInvocationHelper.invokeMethod(MethodInvocationHelper.java:80)
	at org.testng.internal.Invoker.invokeMethod(Invoker.java:715)
	at org.testng.internal.Invoker.invokeTestMethod(Invoker.java:907)
	at org.testng.internal.TestMethodWithDataProviderMethodWorker.call(TestMethodWithDataProviderMethodWorker.java:73)
	at org.testng.internal.TestMethodWithDataProviderMethodWorker.call(TestMethodWithDataProviderMethodWorker.java:14)
	at java.util.concurrent.FutureTask.run(Unknown Source)
	at java.util.concurrent.Executors$RunnableAdapter.call(Unknown Source)
	at java.util.concurrent.FutureTask.run(Unknown Source)
	at java.util.concurrent.ThreadPoolExecutor.runWorker(Unknown Source)
	at java.util.concurrent.ThreadPoolExecutor$Worker.run(Unknown Source)
	at java.lang.Thread.run(Unknown Source)
]]>
            </full-stacktrace>
          </exception> <!-- java.util.ConcurrentModificationException -->
          <reporter-output>
          </reporter-output>
        </test-method> <!-- test -->
        <test-method status="PASS" signature="test(java.lang.String)[pri:0, instance:redirection.TestClass@9629756]" name="test" duration-ms="808851" started-at="2018-04-20T16:53:32Z" data-provider="urls" finished-at="2018-04-20T17:07:01Z">
          <params>
            <param index="0">
              <value>
                <![CDATA[/honeymoon-packages/kerala]]>
              </value>
            </param>
          </params>
          <reporter-output>
          </reporter-output>
        </test-method> <!-- test -->
        <test-method status="PASS" signature="test(java.lang.String)[pri:0, instance:redirection.TestClass@9629756]" name="test" duration-ms="797555" started-at="2018-04-20T16:53:40Z" data-provider="urls" finished-at="2018-04-20T17:06:57Z">
          <params>
            <param index="0">
              <value>
                <![CDATA[/packages/4nights-5days-bestselling-kerala-honeymoon-tour?id=438]]>
              </value>
            </param>
          </params>
          <reporter-output>
          </reporter-output>
        </test-method> <!-- test -->
        <test-method status="PASS" signature="test(java.lang.String)[pri:0, instance:redirection.TestClass@9629756]" name="test" duration-ms="774012" started-at="2018-04-20T16:53:57Z" data-provider="urls" finished-at="2018-04-20T17:06:51Z">
          <params>
            <param index="0">
              <value>
                <![CDATA[/testimonials]]>
              </value>
            </param>
          </params>
          <reporter-output>
          </reporter-output>
        </test-method> <!-- test -->
        <test-method status="PASS" signature="test(java.lang.String)[pri:0, instance:redirection.TestClass@9629756]" name="test" duration-ms="664705" started-at="2018-04-20T16:55:40Z" data-provider="urls" finished-at="2018-04-20T17:06:44Z">
          <params>
            <param index="0">
              <value>
                <![CDATA[/aboutus]]>
              </value>
            </param>
          </params>
          <reporter-output>
          </reporter-output>
        </test-method> <!-- test -->
        <test-method status="PASS" signature="test(java.lang.String)[pri:0, instance:redirection.TestClass@9629756]" name="test" duration-ms="559349" started-at="2018-04-20T16:55:49Z" data-provider="urls" finished-at="2018-04-20T17:05:08Z">
          <params>
            <param index="0">
              <value>
                <![CDATA[/team]]>
              </value>
            </param>
          </params>
          <reporter-output>
          </reporter-output>
        </test-method> <!-- test -->
        <test-method status="PASS" signature="test(java.lang.String)[pri:0, instance:redirection.TestClass@9629756]" name="test" duration-ms="68235" started-at="2018-04-20T16:55:49Z" data-provider="urls" finished-at="2018-04-20T16:56:58Z">
          <params>
            <param index="0">
              <value>
                <![CDATA[/career]]>
              </value>
            </param>
          </params>
          <reporter-output>
          </reporter-output>
        </test-method> <!-- test -->
        <test-method status="FAIL" signature="test(java.lang.String)[pri:0, instance:redirection.TestClass@9629756]" name="test" duration-ms="300562" started-at="2018-04-20T16:56:57Z" data-provider="urls" finished-at="2018-04-20T17:01:58Z">
          <params>
            <param index="0">
              <value>
                <![CDATA[/tnc]]>
              </value>
            </param>
          </params>
          <exception class="org.openqa.selenium.TimeoutException">
            <message>
              <![CDATA[timeout
  (Session info: chrome=62.0.3202.62)
  (Driver info: chromedriver=2.33.506120 (e3e53437346286c0bc2d2dc9aa4915ba81d9023f),platform=Windows NT 6.1.7601 SP1 x86_64) (WARNING: The server did not provide any stacktrace information)
Command duration or timeout: 0 milliseconds
Build info: version: '3.8.0', revision: '924c4067df', time: '2017-11-30T11:20:39.408Z'
System info: host: 'TTLAPTOP308', ip: '192.168.56.1', os.name: 'Windows 7', os.arch: 'amd64', os.version: '6.1', java.version: '1.8.0_121'
Driver info: org.openqa.selenium.chrome.ChromeDriver
Capabilities {acceptSslCerts: true, applicationCacheEnabled: false, browserConnectionEnabled: false, browserName: chrome, chrome: {chromedriverVersion: 2.33.506120 (e3e53437346286..., userDataDir: C:\Users\TTLAPT~1\AppData\L...}, cssSelectorsEnabled: true, databaseEnabled: false, handlesAlerts: true, hasTouchScreen: false, javascriptEnabled: true, locationContextEnabled: true, mobileEmulationEnabled: false, nativeEvents: true, networkConnectionEnabled: false, pageLoadStrategy: normal, platform: XP, platformName: XP, rotatable: false, setWindowRect: true, takesHeapSnapshot: true, takesScreenshot: true, unexpectedAlertBehaviour: , unhandledPromptBehavior: , version: 62.0.3202.62, webStorageEnabled: true}
Session ID: c31d98777114a6e65afe6295c50d404e]]>
            </message>
            <full-stacktrace>
              <![CDATA[org.openqa.selenium.TimeoutException: timeout
  (Session info: chrome=62.0.3202.62)
  (Driver info: chromedriver=2.33.506120 (e3e53437346286c0bc2d2dc9aa4915ba81d9023f),platform=Windows NT 6.1.7601 SP1 x86_64) (WARNING: The server did not provide any stacktrace information)
Command duration or timeout: 0 milliseconds
Build info: version: '3.8.0', revision: '924c4067df', time: '2017-11-30T11:20:39.408Z'
System info: host: 'TTLAPTOP308', ip: '192.168.56.1', os.name: 'Windows 7', os.arch: 'amd64', os.version: '6.1', java.version: '1.8.0_121'
Driver info: org.openqa.selenium.chrome.ChromeDriver
Capabilities {acceptSslCerts: true, applicationCacheEnabled: false, browserConnectionEnabled: false, browserName: chrome, chrome: {chromedriverVersion: 2.33.506120 (e3e53437346286..., userDataDir: C:\Users\TTLAPT~1\AppData\L...}, cssSelectorsEnabled: true, databaseEnabled: false, handlesAlerts: true, hasTouchScreen: false, javascriptEnabled: true, locationContextEnabled: true, mobileEmulationEnabled: false, nativeEvents: true, networkConnectionEnabled: false, pageLoadStrategy: normal, platform: XP, platformName: XP, rotatable: false, setWindowRect: true, takesHeapSnapshot: true, takesScreenshot: true, unexpectedAlertBehaviour: , unhandledPromptBehavior: , version: 62.0.3202.62, webStorageEnabled: true}
Session ID: c31d98777114a6e65afe6295c50d404e
	at sun.reflect.NativeConstructorAccessorImpl.newInstance0(Native Method)
	at sun.reflect.NativeConstructorAccessorImpl.newInstance(Unknown Source)
	at sun.reflect.DelegatingConstructorAccessorImpl.newInstance(Unknown Source)
	at java.lang.reflect.Constructor.newInstance(Unknown Source)
	at org.openqa.selenium.remote.ErrorHandler.createThrowable(ErrorHandler.java:214)
	at org.openqa.selenium.remote.ErrorHandler.throwIfResponseFailed(ErrorHandler.java:166)
	at org.openqa.selenium.remote.http.JsonHttpResponseCodec.reconstructValue(JsonHttpResponseCodec.java:40)
	at org.openqa.selenium.remote.http.AbstractHttpResponseCodec.decode(AbstractHttpResponseCodec.java:80)
	at org.openqa.selenium.remote.http.AbstractHttpResponseCodec.decode(AbstractHttpResponseCodec.java:44)
	at org.openqa.selenium.remote.HttpCommandExecutor.execute(HttpCommandExecutor.java:164)
	at org.openqa.selenium.remote.service.DriverCommandExecutor.execute(DriverCommandExecutor.java:83)
	at org.openqa.selenium.remote.RemoteWebDriver.execute(RemoteWebDriver.java:601)
	at org.openqa.selenium.remote.RemoteWebDriver.get(RemoteWebDriver.java:325)
	at redirection.Helper.navigatetourl(Helper.java:140)
	at redirection.TestClass.test(TestClass.java:39)
	at sun.reflect.GeneratedMethodAccessor1.invoke(Unknown Source)
	at sun.reflect.DelegatingMethodAccessorImpl.invoke(Unknown Source)
	at java.lang.reflect.Method.invoke(Unknown Source)
	at org.testng.internal.MethodInvocationHelper.invokeMethod(MethodInvocationHelper.java:80)
	at org.testng.internal.Invoker.invokeMethod(Invoker.java:715)
	at org.testng.internal.Invoker.invokeTestMethod(Invoker.java:907)
	at org.testng.internal.TestMethodWithDataProviderMethodWorker.call(TestMethodWithDataProviderMethodWorker.java:73)
	at org.testng.internal.TestMethodWithDataProviderMethodWorker.call(TestMethodWithDataProviderMethodWorker.java:14)
	at java.util.concurrent.FutureTask.run(Unknown Source)
	at java.util.concurrent.Executors$RunnableAdapter.call(Unknown Source)
	at java.util.concurrent.FutureTask.run(Unknown Source)
	at java.util.concurrent.ThreadPoolExecutor.runWorker(Unknown Source)
	at java.util.concurrent.ThreadPoolExecutor$Worker.run(Unknown Source)
	at java.lang.Thread.run(Unknown Source)
]]>
            </full-stacktrace>
          </exception> <!-- org.openqa.selenium.TimeoutException -->
          <reporter-output>
          </reporter-output>
        </test-method> <!-- test -->
        <test-method status="PASS" signature="test(java.lang.String)[pri:0, instance:redirection.TestClass@9629756]" name="test" duration-ms="612218" started-at="2018-04-20T16:56:57Z" data-provider="urls" finished-at="2018-04-20T17:07:10Z">
          <params>
            <param index="0">
              <value>
                <![CDATA[/online-leads-for-travel-agents]]>
              </value>
            </param>
          </params>
          <reporter-output>
          </reporter-output>
        </test-method> <!-- test -->
        <test-method status="PASS" signature="test(java.lang.String)[pri:0, instance:redirection.TestClass@9629756]" name="test" duration-ms="613108" started-at="2018-04-20T16:56:57Z" data-provider="urls" finished-at="2018-04-20T17:07:10Z">
          <params>
            <param index="0">
              <value>
                <![CDATA[/privacy]]>
              </value>
            </param>
          </params>
          <reporter-output>
          </reporter-output>
        </test-method> <!-- test -->
        <test-method status="PASS" signature="test(java.lang.String)[pri:0, instance:redirection.TestClass@9629756]" name="test" duration-ms="611247" started-at="2018-04-20T16:56:57Z" data-provider="urls" finished-at="2018-04-20T17:07:09Z">
          <params>
            <param index="0">
              <value>
                <![CDATA[/cancellation]]>
              </value>
            </param>
          </params>
          <reporter-output>
          </reporter-output>
        </test-method> <!-- test -->
        <test-method status="FAIL" signature="test(java.lang.String)[pri:0, instance:redirection.TestClass@9629756]" name="test" duration-ms="610223" started-at="2018-04-20T16:56:58Z" data-provider="urls" finished-at="2018-04-20T17:07:08Z">
          <params>
            <param index="0">
              <value>
                <![CDATA[/faqs]]>
              </value>
            </param>
          </params>
          <exception class="java.util.ConcurrentModificationException">
            <full-stacktrace>
              <![CDATA[java.util.ConcurrentModificationException
	at java.util.ArrayList$Itr.checkForComodification(Unknown Source)
	at java.util.ArrayList$Itr.next(Unknown Source)
	at redirection.TestClass.test(TestClass.java:47)
	at sun.reflect.GeneratedMethodAccessor1.invoke(Unknown Source)
	at sun.reflect.DelegatingMethodAccessorImpl.invoke(Unknown Source)
	at java.lang.reflect.Method.invoke(Unknown Source)
	at org.testng.internal.MethodInvocationHelper.invokeMethod(MethodInvocationHelper.java:80)
	at org.testng.internal.Invoker.invokeMethod(Invoker.java:715)
	at org.testng.internal.Invoker.invokeTestMethod(Invoker.java:907)
	at org.testng.internal.TestMethodWithDataProviderMethodWorker.call(TestMethodWithDataProviderMethodWorker.java:73)
	at org.testng.internal.TestMethodWithDataProviderMethodWorker.call(TestMethodWithDataProviderMethodWorker.java:14)
	at java.util.concurrent.FutureTask.run(Unknown Source)
	at java.util.concurrent.Executors$RunnableAdapter.call(Unknown Source)
	at java.util.concurrent.FutureTask.run(Unknown Source)
	at java.util.concurrent.ThreadPoolExecutor.runWorker(Unknown Source)
	at java.util.concurrent.ThreadPoolExecutor$Worker.run(Unknown Source)
	at java.lang.Thread.run(Unknown Source)
]]>
            </full-stacktrace>
          </exception> <!-- java.util.ConcurrentModificationException -->
          <reporter-output>
          </reporter-output>
        </test-method> <!-- test -->
        <test-method status="PASS" signature="test(java.lang.String)[pri:0, instance:redirection.TestClass@9629756]" name="test" duration-ms="308942" started-at="2018-04-20T17:01:58Z" data-provider="urls" finished-at="2018-04-20T17:07:07Z">
          <params>
            <param index="0">
              <value>
                <![CDATA[/contact_us]]>
              </value>
            </param>
          </params>
          <reporter-output>
          </reporter-output>
        </test-method> <!-- test -->
        <test-method status="PASS" signature="test(java.lang.String)[pri:0, instance:redirection.TestClass@9629756]" name="test" duration-ms="117762" started-at="2018-04-20T17:05:08Z" data-provider="urls" finished-at="2018-04-20T17:07:06Z">
          <params>
            <param index="0">
              <value>
                <![CDATA[/offers]]>
              </value>
            </param>
          </params>
          <reporter-output>
          </reporter-output>
        </test-method> <!-- test -->
        <test-method status="PASS" signature="test(java.lang.String)[pri:0, instance:redirection.TestClass@9629756]" name="test" duration-ms="20429" started-at="2018-04-20T17:06:44Z" data-provider="urls" finished-at="2018-04-20T17:07:05Z">
          <params>
            <param index="0">
              <value>
                <![CDATA[/users/sign_in]]>
              </value>
            </param>
          </params>
          <reporter-output>
          </reporter-output>
        </test-method> <!-- test -->
        <test-method status="PASS" signature="test(java.lang.String)[pri:0, instance:redirection.TestClass@9629756]" name="test" duration-ms="12623" started-at="2018-04-20T17:06:51Z" data-provider="urls" finished-at="2018-04-20T17:07:04Z">
          <params>
            <param index="0">
              <value>
                <![CDATA[/users/sign_up]]>
              </value>
            </param>
          </params>
          <reporter-output>
          </reporter-output>
        </test-method> <!-- test -->
        <test-method status="PASS" signature="test(java.lang.String)[pri:0, instance:redirection.TestClass@9629756]" name="test" duration-ms="5558" started-at="2018-04-20T17:06:57Z" data-provider="urls" finished-at="2018-04-20T17:07:03Z">
          <params>
            <param index="0">
              <value>
                <![CDATA[/users/password/new]]>
              </value>
            </param>
          </params>
          <reporter-output>
          </reporter-output>
        </test-method> <!-- test -->
        <test-method status="PASS" signature="createReport()[pri:0, instance:redirection.TestClass@9629756]" name="createReport" is-config="true" duration-ms="23030" started-at="2018-04-20T17:07:10Z" finished-at="2018-04-20T17:07:34Z">
          <reporter-output>
          </reporter-output>
        </test-method> <!-- createReport -->
        <test-method status="PASS" signature="closebrowser()[pri:0, instance:redirection.TestClass@9629756]" name="closebrowser" is-config="true" duration-ms="928" started-at="2018-04-20T17:07:34Z" finished-at="2018-04-20T17:07:34Z">
          <reporter-output>
          </reporter-output>
        </test-method> <!-- closebrowser -->
      </class> <!-- redirection.TestClass -->
    </test> <!-- Default test -->
  </suite> <!-- Default suite -->
</testng-results>
